Log set to "nwn2reportlog.log".

Client Extension version 1.0.0.32 - built Feb 13 2020 18:06:35
Copyright (C) 2008-2020 Skywing.
This release is paired with game build 1765.
Initializing in standalone mode...
Modules present: [standalone] [dm assistant] [dm scry] 

Cleaning up defunct resource manager instance 'NWN2CliExt_14644'...
DPI awareness: DPI_AWARENESS_CONTEXT_PER_MONITOR_AWARE_V2; DPI X = 96, DPI Y = 96
UIWindowBase: TextInputWindow: DPI change (0:0)
UIWindowBase: TextInputWindow: DPI change (96:96)
UIWindowBase: PlayerListWindow: DPI change (0:0)
UIWindowBase: PlayerListWindow: DPI change (96:96)
UIWindowBase: MapWindow: DPI change (0:0)
UIWindowBase: MapWindow: DPI change (96:96)
UIWindowBase: AreaChooserWindow: DPI change (0:0)
UIWindowBase: AreaChooserWindow: DPI change (96:96)
Using community name: DarkSquall
There are 31 user(s) online playing Neverwinter Nights 2.
Use /showui to show closed windows.
Use /showui to show closed windows.
Log set to "nwn2reportlog.log".

Client Extension version 1.0.0.32 - built Feb 13 2020 18:06:35
Copyright (C) 2008-2020 Skywing.
This release is paired with game build 1765.
Initializing in standalone mode...
Modules present: [standalone] [dm assistant] [dm scry] 

Cleaning up defunct resource manager instance 'NWN2CliExt_14496'...
DPI awareness: DPI_AWARENESS_CONTEXT_PER_MONITOR_AWARE_V2; DPI X = 96, DPI Y = 96
UIWindowBase: TextInputWindow: DPI change (0:0)
UIWindowBase: TextInputWindow: DPI change (96:96)
Use /showui to show closed windows (TextInputWindow).
UIWindowBase: PlayerListWindow: DPI change (0:0)
UIWindowBase: PlayerListWindow: DPI change (96:96)
UIWindowBase: MapWindow: DPI change (0:0)
UIWindowBase: MapWindow: DPI change (96:96)
Use /showui to show closed windows (MapWindow).
UIWindowBase: AreaChooserWindow: DPI change (0:0)
UIWindowBase: AreaChooserWindow: DPI change (96:96)
Using community name: DarkSquall
There are 31 user(s) online playing Neverwinter Nights 2.
Log set to "nwn2reportlog.log".

Client Extension version 1.0.0.32 - built Feb 13 2020 18:06:35
Copyright (C) 2008-2020 Skywing.
This release is paired with game build 1765.
Initializing in standalone mode...
Modules present: [standalone] [dm assistant] [dm scry] 

Cleaning up defunct resource manager instance 'NWN2CliExt_6920'...
DPI awareness: DPI_AWARENESS_CONTEXT_PER_MONITOR_AWARE_V2; DPI X = 96, DPI Y = 96
UIWindowBase: TextInputWindow: DPI change (0:0)
UIWindowBase: TextInputWindow: DPI change (96:96)
Use /showui to show closed windows (TextInputWindow).
UIWindowBase: PlayerListWindow: DPI change (0:0)
UIWindowBase: PlayerListWindow: DPI change (96:96)
UIWindowBase: MapWindow: DPI change (0:0)
UIWindowBase: MapWindow: DPI change (96:96)
Use /showui to show closed windows (MapWindow).
UIWindowBase: AreaChooserWindow: DPI change (0:0)
UIWindowBase: AreaChooserWindow: DPI change (96:96)
Using community name: DarkSquall
There are 31 user(s) online playing Neverwinter Nights 2.
Log set to "nwn2reportlog.log".

Client Extension version 1.0.0.32 - built Feb 13 2020 18:06:35
Copyright (C) 2008-2020 Skywing.
This release is paired with game build 1765.
Initializing in standalone mode...
Modules present: [standalone] [dm assistant] [dm scry] 

Cleaning up defunct resource manager instance 'NWN2CliExt_5768'...
DPI awareness: DPI_AWARENESS_CONTEXT_PER_MONITOR_AWARE_V2; DPI X = 96, DPI Y = 96
UIWindowBase: TextInputWindow: DPI change (0:0)
UIWindowBase: TextInputWindow: DPI change (96:96)
Use /showui to show closed windows (TextInputWindow).
UIWindowBase: PlayerListWindow: DPI change (0:0)
UIWindowBase: PlayerListWindow: DPI change (96:96)
UIWindowBase: MapWindow: DPI change (0:0)
UIWindowBase: MapWindow: DPI change (96:96)
Use /showui to show closed windows (MapWindow).
UIWindowBase: AreaChooserWindow: DPI change (0:0)
UIWindowBase: AreaChooserWindow: DPI change (96:96)
Using community name: DarkSquall
There are 34 user(s) online playing Neverwinter Nights 2.
